<?xml version="1.0" encoding="UTF-8"?>
<testng-results ignored="0" total="1" passed="1" failed="0" skipped="0">
  <reporter-output>
  </reporter-output>
  <suite started-at="2025-04-10T12:44:18 IST" name="Default suite" finished-at="2025-04-10T12:44:29 IST" duration-ms="10378">
    <groups>
    </groups>
    <test started-at="2025-04-10T12:44:18 IST" name="Default test" finished-at="2025-04-10T12:44:29 IST" duration-ms="10378">
      <class name="commonFunction.CommonFunction">
        <test-method signature="main()[pri:0, instance:commonFunction.CommonFunction@74235045]" started-at="2025-04-10T12:44:18 IST" name="main" finished-at="2025-04-10T12:44:29 IST" duration-ms="10328" status="PASS">
          <reporter-output>
          </reporter-output>
        </test-method> <!-- main -->
        <test-method is-config="true" signature="closeBrowser()[pri:0, instance:commonFunction.CommonFunction@74235045]" started-at="2025-04-10T12:44:29 IST" name="closeBrowser" finished-at="2025-04-10T12:44:29 IST" duration-ms="129" status="PASS">
          <reporter-output>
          </reporter-output>
        </test-method> <!-- closeBrowser -->
      </class> <!-- commonFunction.CommonFunction -->
    </test> <!-- Default test -->
  </suite> <!-- Default suite -->
</testng-results>
